<?xml version="1.0" encoding="UTF-8"?>
<!-- Generated by org.testng.reporters.JUnitReportReporter -->
<testsuite skipped="0" hostname="DESKTOP-N79B9GG" name="CrossBrowserTest.CrossBrowserTest.CrossBrowser" tests="3" failures="0" timestamp="2021-03-20T13:39:39 IST" time="16.135" errors="0">
  <testcase name="testParameterWithXML" time="5.295" classname="CrossBrowserTest.CrossBrowserTest.CrossBrowser"/>
  <system-out/>
  <testcase name="testParameterWithXML" time="7.661" classname="CrossBrowserTest.CrossBrowserTest.CrossBrowser"/>
  <system-out/>
  <testcase name="testParameterWithXML" time="3.179" classname="CrossBrowserTest.CrossBrowserTest.CrossBrowser"/>
  <system-out/>
</testsuite> <!-- CrossBrowserTest.CrossBrowserTest.CrossBrowser -->
